Added Component: Designator=U1(PCBComponent_1)
Add component. Clean all parameters for all variants
Add component (AddParameter): Name = "Manufacturer"; Value = "Texas Instruments"; VariantName = "[No Variations]"
Add component (AddParameter): Name = "Part number"; Value = "TPS54331DDA"; VariantName = "[No Variations]"
Added Pin To Net: NetName=+16V SW Pin=D1-1
Added Pin To Net: NetName=+16V BOOT Pin=U1-1
Added Pin To Net: NetName=+16V BOOT Pin=U1-1
Added Pin To Net: NetName=+VBAT Pin=U1-2
Added Pin To Net: NetName=+VBAT Pin=U1-2
Added Pin To Net: NetName=+16V SS Pin=U1-4
Added Pin To Net: NetName=+16V SS Pin=U1-4
Added Pin To Net: NetName=+16V RT Pin=U1-5
Added Pin To Net: NetName=+16V RT Pin=U1-5
Added Pin To Net: NetName=+16V FB Pin=U1-6
Added Pin To Net: NetName=+16V FB Pin=U1-6
Added Pin To Net: NetName=+16V COMP Pin=U1-7
Added Pin To Net: NetName=+16V COMP Pin=U1-7
Added Pin To Net: NetName=GND Pin=U1-8
Added Pin To Net: NetName=GND Pin=U1-8
Added Pin To Net: NetName=+16V SW Pin=U1-9
Added Pin To Net: NetName=+16V SW Pin=U1-9
Added Pin To Net: NetName=GND Pin=U1-11
Added Pin To Net: NetName=GND Pin=U1-11
