Added Component: Designator=C1(CAP_0402)
Add component. Clean all parameters for all variants
Add component (AddParameter): Name = "Manufacturer"; Value = "Any"; VariantName = "[No Variations]"
Add component (AddParameter): Name = "Part description"; Value = "0402, 100nF, 50V, X7R, ESR 0m, MLCC"; VariantName = "[No Variations]"
Added Component: Designator=C2(25SVPF47M C6)
Add component. Clean all parameters for all variants
Add component (AddParameter): Name = "Manufacturer"; Value = "Panasonic Electronic Components"; VariantName = "[No Variations]"
Add component (AddParameter): Name = "Part number"; Value = "25SVPF47M"; VariantName = "[No Variations]"
Added Component: Designator=C3(CAP_0805)
Add component. Clean all parameters for all variants
Add component (AddParameter): Name = "Manufacturer"; Value = "0805, 1uF, 50V, X7R, ESR 0m, MLCC"; VariantName = "[No Variations]"
Add component (AddParameter): Name = "Part description"; Value = "Any"; VariantName = "[No Variations]"
Added Component: Designator=C4(CAP_0805)
Add component. Clean all parameters for all variants
Add component (AddParameter): Name = "Manufacturer"; Value = "Any"; VariantName = "[No Variations]"
Add component (AddParameter): Name = "Part Description"; Value = "0805, 2.2uF, 50V, X5R, ESR 0m, MLCC"; VariantName = "[No Variations]"
Added Component: Designator=C5(CAP_0805)
Add component. Clean all parameters for all variants
Add component (AddParameter): Name = "Manufacturer"; Value = "Any"; VariantName = "[No Variations]"
Add component (AddParameter): Name = "Part Description"; Value = "0805, 2.2uF, 50V, X5R, ESR 0m, MLCC"; VariantName = "[No Variations]"
Added Component: Designator=C6(CAP_0805)
Add component. Clean all parameters for all variants
Add component (AddParameter): Name = "Manufacturer"; Value = "Any"; VariantName = "[No Variations]"
Add component (AddParameter): Name = "Part Description"; Value = "0805, 2.2uF, 50V, X5R, ESR 0m, MLCC"; VariantName = "[No Variations]"
Added Component: Designator=C7(CAP_0402)
Add component. Clean all parameters for all variants
Add component (AddParameter): Name = "Manufacturer"; Value = "Any"; VariantName = "[No Variations]"
Add component (AddParameter): Name = "Part description"; Value = "0402, 2.7nF, 50V, X7R, ESR 0m, MLCC"; VariantName = "[No Variations]"
Added Component: Designator=C8(CAP_0402)
Add component. Clean all parameters for all variants
Add component (AddParameter): Name = "Manufacturer"; Value = "Any"; VariantName = "[No Variations]"
Add component (AddParameter): Name = "Part description"; Value = "0402, 82pF, 50V, C0G/NP0, ESR 0m, MLCC"; VariantName = "[No Variations]"
Added Component: Designator=C9(CAP_0402)
Add component. Clean all parameters for all variants
Add component (AddParameter): Name = "Manufacturer"; Value = "Any"; VariantName = "[No Variations]"
Add component (AddParameter): Name = "Part description"; Value = "0402, 15nF, 50V, X7R, ESR 0m, MLCC"; VariantName = "[No Variations]"
Added Component: Designator=C10(CAP_0805)
Add component. Clean all parameters for all variants
Add component (AddParameter): Name = "Manufacturer"; Value = "Any"; VariantName = "[No Variations]"
Add component (AddParameter): Name = "Part Description"; Value = "0805, 2.2uF, 50V, X5R, ESR 0m, MLCC"; VariantName = "[No Variations]"
Added Component: Designator=D1(B560C-13-F)
Add component. Clean all parameters for all variants
Add component (AddParameter): Name = "Manufacturer"; Value = "Diodes Inc."; VariantName = "[No Variations]"
Add component (AddParameter): Name = "Part Number"; Value = "B560C-13-F"; VariantName = "[No Variations]"
Added Component: Designator=D2(DO-214AC_diode)
Add component. Clean all parameters for all variants
Add component (AddParameter): Name = "Link"; Value = "https://eu.mouser.com/ProductDetail/Bourns/SMAJ26A-Q?qs=sGAEpiMZZMvxHShE6Whpu9pBowPIygZN5%252BokUABxykU%3D"; VariantName = "[No Variations]"
Add component (AddParameter): Name = "Manufacturer"; Value = "Bourns"; VariantName = "[No Variations]"
Add component (AddParameter): Name = "Manufacturer Part Number"; Value = "SMAJ26A-Q"; VariantName = "[No Variations]"
Add component (AddParameter): Name = "Part number"; Value = "SMAJ26A-Q"; VariantName = "[No Variations]"
Add component (AddParameter): Name = "Pricing 1"; Value = "1=0.39, 10=0.282, 50=0.282, 100=0.191, 500=0.158, 1000=0.11, 5000=0.099, 10000=0.094, 25000=0.087, 50000=0.08 (USD)"; VariantName = "[No Variations]"
Add component (AddParameter): Name = "Stock 1"; Value = "3773"; VariantName = "[No Variations]"
Add component (AddParameter): Name = "Supplier 1"; Value = "Mouser"; VariantName = "[No Variations]"
Add component (AddParameter): Name = "Supplier Part Number 1"; Value = "652-SMAJ26A-Q"; VariantName = "[No Variations]"
Added Component: Designator=FB1(ferrite_0603)
Add component. Clean all parameters for all variants
Add component (AddParameter): Name = "Case/Package"; Value = "0603"; VariantName = "[No Variations]"
Add component (AddParameter): Name = "Case Code (Imperial)"; Value = "0603"; VariantName = "[No Variations]"
Add component (AddParameter): Name = "Case Code (Metric)"; Value = "1608"; VariantName = "[No Variations]"
Add component (AddParameter): Name = "ComponentLink1Description"; Value = "http://documents.rs-components.com/techlib://itc_doclist_GB.htm?stockno=7555649&src-supplier=RSComponents"; VariantName = "[No Variations]"
Add component (AddParameter): Name = "ComponentLink1URL"; Value = "http://documents.rs-components.com/techlib://itc_doclist_GB.htm?stockno=7555649&src-supplier=RSComponents"; VariantName = "[No Variations]"
Add component (AddParameter): Name = "ComponentLink2Description"; Value = "http://ds.yuden.co.jp/TYCOMPAS/ut/detail.do?productNo=FBMJ1608HM230NT&fileName=FBMJ1608HM230NT_SS&mode=specSheetDownload&src-supplier=Digi-Key"; VariantName = "[No Variations]"
Add component (AddParameter): Name = "ComponentLink2URL"; Value = "http://ds.yuden.co.jp/TYCOMPAS/ut/detail.do?productNo=FBMJ1608HM230NT&fileName=FBMJ1608HM230NT_SS&mode=specSheetDownload&src-supplier=Digi-Key"; VariantName = "[No Variations]"
Add component (AddParameter): Name = "ComponentLink3Description"; Value = "http://www.yuden.co.jp/productdata/catalog/en/chipbeads01_e.pdf?src-supplier=Digi-Key"; VariantName = "[No Variations]"
Add component (AddParameter): Name = "ComponentLink3URL"; Value = "http://www.yuden.co.jp/productdata/catalog/en/chipbeads01_e.pdf?src-supplier=Digi-Key"; VariantName = "[No Variations]"
Add component (AddParameter): Name = "Composition"; Value = "Ferrite Bead"; VariantName = "[No Variations]"
Add component (AddParameter): Name = "Core Material"; Value = "Ferrite"; VariantName = "[No Variations]"
Add component (AddParameter): Name = "DC Resistance (DCR)"; Value = "7mR"; VariantName = "[No Variations]"
Add component (AddParameter): Name = "Depth"; Value = "0.95mm"; VariantName = "[No Variations]"
Add component (AddParameter): Name = "Frequency"; Value = "100MHz"; VariantName = "[No Variations]"
Add component (AddParameter): Name = "Halogen Free"; Value = "Halogen Free"; VariantName = "[No Variations]"
Add component (AddParameter): Name = "Height"; Value = "0.8mm"; VariantName = "[No Variations]"
Add component (AddParameter): Name = "Impedance"; Value = "23R"; VariantName = "[No Variations]"
Add component (AddParameter): Name = "Lead Free"; Value = "Lead Free"; VariantName = "[No Variations]"
Add component (AddParameter): Name = "Length"; Value = "1.6mm"; VariantName = "[No Variations]"
Add component (AddParameter): Name = "Link"; Value = "https://eu.mouser.com/ProductDetail/Taiyo-Yuden/FBMJ1608HM230NT?qs=I6KAKw0tg2z0Uk65Nuq%2FcA=="; VariantName = "[No Variations]"
Add component (AddParameter): Name = "Manufacturer"; Value = "Taiyo Yuden"; VariantName = "[No Variations]"
Add component (AddParameter): Name = "Manufacturer Part Number"; Value = "FBMJ1608HM230NT"; VariantName = "[No Variations]"
Add component (AddParameter): Name = "Material"; Value = "Ferrite"; VariantName = "[No Variations]"
Add component (AddParameter): Name = "Max Current Rating"; Value = "4A"; VariantName = "[No Variations]"
Add component (AddParameter): Name = "Max DC Current"; Value = "4A"; VariantName = "[No Variations]"
Add component (AddParameter): Name = "Max Operating Temperature"; Value = "125°C"; VariantName = "[No Variations]"
Add component (AddParameter): Name = "Min Operating Temperature"; Value = "-40°C"; VariantName = "[No Variations]"
Add component (AddParameter): Name = "Mount"; Value = "Surface Mount"; VariantName = "[No Variations]"
Add component (AddParameter): Name = "Number of Lines"; Value = "1"; VariantName = "[No Variations]"
Add component (AddParameter): Name = "Number of Pins"; Value = "2"; VariantName = "[No Variations]"
Add component (AddParameter): Name = "Package Quantity"; Value = "1"; VariantName = "[No Variations]"
Add component (AddParameter): Name = "Packaging"; Value = "Tape and Reel"; VariantName = "[No Variations]"
Add component (AddParameter): Name = "Part number"; Value = "FBMJ1608HM230NT"; VariantName = "[No Variations]"
Add component (AddParameter): Name = "Pricing 1"; Value = "1=0.1, 10=0.05, 50=0.05, 100=0.034, 500=0.029, 1000=0.024, 4000=0.022, 8000=0.019, 10000=0.019, 24000=0.018 (USD)"; VariantName = "[No Variations]"
Add component (AddParameter): Name = "REACH SVHC"; Value = "Unknown"; VariantName = "[No Variations]"
Add component (AddParameter): Name = "Shielding"; Value = "Unshielded"; VariantName = "[No Variations]"
Add component (AddParameter): Name = "Stock 1"; Value = "10439"; VariantName = "[No Variations]"
Add component (AddParameter): Name = "Supplier 1"; Value = "Mouser"; VariantName = "[No Variations]"
Add component (AddParameter): Name = "Supplier Part Number 1"; Value = "963-FBMJ1608HM230NT"; VariantName = "[No Variations]"
Add component (AddParameter): Name = "Termination"; Value = "SMD/SMT"; VariantName = "[No Variations]"
Add component (AddParameter): Name = "Test Frequency"; Value = "100MHz"; VariantName = "[No Variations]"
Add component (AddParameter): Name = "Tolerance"; Value = "30%"; VariantName = "[No Variations]"
Add component (AddParameter): Name = "Width"; Value = "0.031inch"; VariantName = "[No Variations]"
Added Component: Designator=J1(Header_Hirose_DF56)
Add component. Clean all parameters for all variants
Add component (AddParameter): Name = "Category"; Value = "Connectors"; VariantName = "[No Variations]"
Add component (AddParameter): Name = "Color"; Value = "Black"; VariantName = "[No Variations]"
Add component (AddParameter): Name = "ComponentLink1Description"; Value = "https://www.hirose.com/product/en/download_file/key_name/DF56-50S-0.3V%2851%29/category/Specification%20Sheet/doc_file_id/45372/?file_category_id=9&item_id=06625606751&is_series=&src-supplier=Digi-Key"; VariantName = "[No Variations]"
Add component (AddParameter): Name = "ComponentLink1URL"; Value = "https://www.hirose.com/product/en/download_file/key_name/DF56-50S-0.3V%2851%29/category/Specification%20Sheet/doc_file_id/45372/?file_category_id=9&item_id=06625606751&is_series=&src-supplier=Digi-Key"; VariantName = "[No Variations]"
Add component (AddParameter): Name = "ComponentLink2Description"; Value = "http://www.mouser.com/ds/2/185/DF56_catalog-939255.pdf?src-supplier=Mouser"; VariantName = "[No Variations]"
Add component (AddParameter): Name = "ComponentLink2URL"; Value = "http://www.mouser.com/ds/2/185/DF56_catalog-939255.pdf?src-supplier=Mouser"; VariantName = "[No Variations]"
Add component (AddParameter): Name = "Connector Type"; Value = "Receptacle,Non-Gendered"; VariantName = "[No Variations]"
Add component (AddParameter): Name = "Contact Plating"; Value = "Gold"; VariantName = "[No Variations]"
Add component (AddParameter): Name = "Fastening Type"; Value = "Detent"; VariantName = "[No Variations]"
Add component (AddParameter): Name = "Manufacturer"; Value = "Hirose"; VariantName = "[No Variations]"
Add component (AddParameter): Name = "Manufacturer Part Number"; Value = "DF56-50S-0.3V(51)"; VariantName = "[No Variations]"
Add component (AddParameter): Name = "Mount"; Value = "Surface Mount"; VariantName = "[No Variations]"
Add component (AddParameter): Name = "Number of Positions"; Value = "50"; VariantName = "[No Variations]"
Add component (AddParameter): Name = "Number of Rows"; Value = "1"; VariantName = "[No Variations]"
Add component (AddParameter): Name = "Package Quantity"; Value = "5000"; VariantName = "[No Variations]"
Add component (AddParameter): Name = "Packaging"; Value = "Tape and Reel"; VariantName = "[No Variations]"
Add component (AddParameter): Name = "Pitch"; Value = "0.012inch"; VariantName = "[No Variations]"
Add component (AddParameter): Name = "Pricing 1"; Value = "1=1.65, 10=1.47, 25=1.35, 50=1.35, 100=1.29, 250=1.16, 500=1.07, 1000=0.915, 10000=0.915 (USD)"; VariantName = "[No Variations]"
Add component (AddParameter): Name = "Stock 1"; Value = "0"; VariantName = "[No Variations]"
Add component (AddParameter): Name = "Supplier 1"; Value = "Mouser"; VariantName = "[No Variations]"
Add component (AddParameter): Name = "Supplier Part Number 1"; Value = "798-DF56-50S-0.3V51"; VariantName = "[No Variations]"
Add component (AddParameter): Name = "Termination"; Value = "Solder"; VariantName = "[No Variations]"
Added Component: Designator=J2(TE-32M-ASSY)
Add component. Clean all parameters for all variants
Add component (AddParameter): Name = "Manufacturer"; Value = "SupplyNet"; VariantName = "[No Variations]"
Add component (AddParameter): Name = "Part number"; Value = "TE-32M-ASSY"; VariantName = "[No Variations]"
Add component (AddParameter): Name = "Manufacturer"; Value = "SupplyNet"; VariantName = "RFModAdapter_v1_J2_not_fitted"
Add component (AddParameter): Name = "Part number"; Value = "TE-32M-ASSY"; VariantName = "RFModAdapter_v1_J2_not_fitted"
Add component (AddParameter): Name = "Manufacturer"; Value = "SupplyNet"; VariantName = "RFModAdapter_v1"
Add component (AddParameter): Name = "Part number"; Value = "TE-32M-ASSY"; VariantName = "RFModAdapter_v1"
Added Component: Designator=J3(JST-BM04B_HEADER)
Add component. Clean all parameters for all variants
Add component (AddParameter): Name = "Category"; Value = "Connectors"; VariantName = "[No Variations]"
Add component (AddParameter): Name = "Color"; Value = "Natural"; VariantName = "[No Variations]"
Add component (AddParameter): Name = "Connector Type"; Value = "Outer Shroud Contact"; VariantName = "[No Variations]"
Add component (AddParameter): Name = "Contact Plating"; Value = "Tin"; VariantName = "[No Variations]"
Add component (AddParameter): Name = "Fastening Type"; Value = "Ramp"; VariantName = "[No Variations]"
Add component (AddParameter): Name = "Lead Free"; Value = "Lead Free"; VariantName = "[No Variations]"
Add component (AddParameter): Name = "Manufacturer"; Value = "JST"; VariantName = "[No Variations]"
Add component (AddParameter): Name = "Manufacturer Part Number"; Value = "BM04B-GHS-TBT(LF)(SN)(N)"; VariantName = "[No Variations]"
Add component (AddParameter): Name = "Mount"; Value = "Surface Mount"; VariantName = "[No Variations]"
Add component (AddParameter): Name = "Number of Pins"; Value = "4"; VariantName = "[No Variations]"
Add component (AddParameter): Name = "Number of Positions"; Value = "4"; VariantName = "[No Variations]"
Add component (AddParameter): Name = "Number of Rows"; Value = "1"; VariantName = "[No Variations]"
Add component (AddParameter): Name = "Packaging"; Value = "Tape and Reel"; VariantName = "[No Variations]"
Add component (AddParameter): Name = "Pitch"; Value = "0.049inch"; VariantName = "[No Variations]"
Add component (AddParameter): Name = "Pricing 1"; Value = "1=0.44, 10=0.413, 100=0.3163, 500=0.275, 1000=0.2269 (USD)"; VariantName = "[No Variations]"
Add component (AddParameter): Name = "Stock 1"; Value = "145959"; VariantName = "[No Variations]"
Add component (AddParameter): Name = "Supplier 1"; Value = "Digi-Key"; VariantName = "[No Variations]"
Add component (AddParameter): Name = "Supplier Part Number 1"; Value = "455-1580-6-ND"; VariantName = "[No Variations]"
Add component (AddParameter): Name = "Termination"; Value = "Solder"; VariantName = "[No Variations]"
Added Component: Designator=L1(ETQ-P3M100HFN)
Add component. Clean all parameters for all variants
Add component (AddParameter): Name = "Manufacturer"; Value = "Panasonic Electronic Components"; VariantName = "[No Variations]"
Add component (AddParameter): Name = "Part number"; Value = "ETQ-P3M100HFN"; VariantName = "[No Variations]"
Added Component: Designator=R1(RES_0402)
Add component. Clean all parameters for all variants
Add component (AddParameter): Name = "Manufacturer"; Value = "Any"; VariantName = "[No Variations]"
Add component (AddParameter): Name = "Part description"; Value = "0402, 191k, 1%, 0.1W, Res"; VariantName = "[No Variations]"
Added Component: Designator=R2(RES_0402)
Add component. Clean all parameters for all variants
Add component (AddParameter): Name = "Manufacturer"; Value = "Any"; VariantName = "[No Variations]"
Add component (AddParameter): Name = "Part description"; Value = "0402, 10k, 1%, 0.1W, Res"; VariantName = "[No Variations]"
Added Component: Designator=R3(RES_0402)
Add component. Clean all parameters for all variants
Add component (AddParameter): Name = "Manufacturer"; Value = "Any"; VariantName = "[No Variations]"
Add component (AddParameter): Name = "Part description"; Value = "0402, 124k, 1%, 0.1W, Res"; VariantName = "[No Variations]"
Added Component: Designator=R4(RES_0402)
Add component. Clean all parameters for all variants
Add component (AddParameter): Name = "Manufacturer"; Value = "Any"; VariantName = "[No Variations]"
Add component (AddParameter): Name = "Part description"; Value = "0402, 11k, 1%, 0.1W, Res"; VariantName = "[No Variations]"
Added Component: Designator=U1(WSON-10)
Add component. Clean all parameters for all variants
Add component (AddParameter): Name = "Manufacturer"; Value = "Texas Instruments"; VariantName = "[No Variations]"
Add component (AddParameter): Name = "Part number"; Value = "TPS54331DDA"; VariantName = "[No Variations]"
Added Pin To Net: NetName=+16V BOOT Pin=C1-2
Added Pin To Net: NetName=+16V BOOT Pin=U1-1
Added Pin To Net: NetName=+16V BOOT Pin=U1-1
Added Net: Name=+16V BOOT
Added Pin To Net: NetName=+16V COMP Pin=C8-1
Added Pin To Net: NetName=+16V COMP Pin=R4-2
Added Pin To Net: NetName=+16V COMP Pin=U1-7
Added Pin To Net: NetName=+16V COMP Pin=U1-7
Added Net: Name=+16V COMP
Added Pin To Net: NetName=+16V FB Pin=R1-1
Added Pin To Net: NetName=+16V FB Pin=R2-2
Added Pin To Net: NetName=+16V FB Pin=U1-6
Added Pin To Net: NetName=+16V FB Pin=U1-6
Added Net: Name=+16V FB
Added Pin To Net: NetName=+16V RT Pin=R3-2
Added Pin To Net: NetName=+16V RT Pin=U1-5
Added Pin To Net: NetName=+16V RT Pin=U1-5
Added Net: Name=+16V RT
Added Pin To Net: NetName=+16V SS Pin=C7-1
Added Pin To Net: NetName=+16V SS Pin=U1-4
Added Pin To Net: NetName=+16V SS Pin=U1-4
Added Net: Name=+16V SS
Added Pin To Net: NetName=+16V SW Pin=C1-1
Added Pin To Net: NetName=+16V SW Pin=D1-1
Added Pin To Net: NetName=+16V SW Pin=L1-1
Added Pin To Net: NetName=+16V SW Pin=U1-9
Added Pin To Net: NetName=+16V SW Pin=U1-9
Added Net: Name=+16V SW
Added Pin To Net: NetName=+16V Pin=C2-1
Added Pin To Net: NetName=+16V Pin=C3-1
Added Pin To Net: NetName=+16V Pin=J3-1
Added Pin To Net: NetName=+16V Pin=J3-2
Added Pin To Net: NetName=+16V Pin=L1-2
Added Pin To Net: NetName=+16V Pin=R1-2
Added Net: Name=+16V
Added Pin To Net: NetName=+VBAT Pin=C10-1
Added Pin To Net: NetName=+VBAT Pin=FB1-1
Added Pin To Net: NetName=+VBAT Pin=J2-1
Added Pin To Net: NetName=+VBAT Pin=J2-2
Added Net: Name=+VBAT
Added Pin To Net: NetName=Audio_GND Pin=J1-2
Added Pin To Net: NetName=Audio_GND Pin=J2-6
Added Net: Name=Audio_GND
Added Pin To Net: NetName=ETH0_RX_N Pin=J1-44
Added Pin To Net: NetName=ETH0_RX_N Pin=J2-30
Added Net: Name=ETH0_RX_N
Added Pin To Net: NetName=ETH0_RX_P Pin=J1-46
Added Pin To Net: NetName=ETH0_RX_P Pin=J2-29
Added Net: Name=ETH0_RX_P
Added Pin To Net: NetName=ETH0_TX_N Pin=J1-48
Added Pin To Net: NetName=ETH0_TX_N Pin=J2-26
Added Net: Name=ETH0_TX_N
Added Pin To Net: NetName=ETH0_TX_P Pin=J1-50
Added Pin To Net: NetName=ETH0_TX_P Pin=J2-25
Added Net: Name=ETH0_TX_P
Added Pin To Net: NetName=GND Pin=C2-2
Added Pin To Net: NetName=GND Pin=C3-2
Added Pin To Net: NetName=GND Pin=C4-2
Added Pin To Net: NetName=GND Pin=C5-2
Added Pin To Net: NetName=GND Pin=C6-2
Added Pin To Net: NetName=GND Pin=C7-2
Added Pin To Net: NetName=GND Pin=C8-2
Added Pin To Net: NetName=GND Pin=C9-2
Added Pin To Net: NetName=GND Pin=C10-2
Added Pin To Net: NetName=GND Pin=D1-2
Added Pin To Net: NetName=GND Pin=D2-2
Added Pin To Net: NetName=GND Pin=J1-6
Added Pin To Net: NetName=GND Pin=J1-7
Added Pin To Net: NetName=GND Pin=J1-10
Added Pin To Net: NetName=GND Pin=J1-49
Added Pin To Net: NetName=GND Pin=J1-GND
Added Pin To Net: NetName=GND Pin=J1-GND
Added Pin To Net: NetName=GND Pin=J1-GND
Added Pin To Net: NetName=GND Pin=J1-GND
Added Pin To Net: NetName=GND Pin=J1-GND
Added Pin To Net: NetName=GND Pin=J2-3
Added Pin To Net: NetName=GND Pin=J2-4
Added Pin To Net: NetName=GND Pin=J2-11
Added Pin To Net: NetName=GND Pin=J2-12
Added Pin To Net: NetName=GND Pin=J2-27
Added Pin To Net: NetName=GND Pin=J3-3
Added Pin To Net: NetName=GND Pin=J3-4
Added Pin To Net: NetName=GND Pin=J3-GND
Added Pin To Net: NetName=GND Pin=J3-GND
Added Pin To Net: NetName=GND Pin=R2-1
Added Pin To Net: NetName=GND Pin=R3-1
Added Pin To Net: NetName=GND Pin=U1-8
Added Pin To Net: NetName=GND Pin=U1-8
Added Pin To Net: NetName=GND Pin=U1-11
Added Pin To Net: NetName=GND Pin=U1-11
Added Net: Name=GND
Added Pin To Net: NetName=GPIO1 Pin=J1-9
Added Pin To Net: NetName=GPIO1 Pin=J2-14
Added Net: Name=GPIO1
Added Pin To Net: NetName=LED_A1 Pin=J1-37
Added Pin To Net: NetName=LED_A1 Pin=J2-31
Added Net: Name=LED_A1
Added Pin To Net: NetName=LED_A2 Pin=J1-40
Added Pin To Net: NetName=LED_A2 Pin=J2-32
Added Net: Name=LED_A2
Added Pin To Net: NetName=Mic_in+ Pin=J1-8
Added Pin To Net: NetName=Mic_in+ Pin=J2-13
Added Net: Name=Mic_in+
Added Pin To Net: NetName=Mic_in- Pin=J1-4
Added Pin To Net: NetName=Mic_in- Pin=J2-9
Added Net: Name=Mic_in-
Added Pin To Net: NetName=NetC9_1 Pin=C9-1
Added Pin To Net: NetName=NetC9_1 Pin=R4-1
Added Net: Name=NetC9_1
Added Pin To Net: NetName=PTT Pin=J1-5
Added Pin To Net: NetName=PTT Pin=J2-10
Added Net: Name=PTT
Added Pin To Net: NetName=RS232_RXD Pin=J1-14
Added Pin To Net: NetName=RS232_RXD Pin=J2-16
Added Net: Name=RS232_RXD
Added Pin To Net: NetName=RS232_TXD Pin=J1-12
Added Pin To Net: NetName=RS232_TXD Pin=J2-15
Added Net: Name=RS232_TXD
Added Pin To Net: NetName=SHUTDOWN Pin=J1-47
Added Pin To Net: NetName=SHUTDOWN Pin=J2-21
Added Net: Name=SHUTDOWN
Added Pin To Net: NetName=Speaker_out+ Pin=J1-1
Added Pin To Net: NetName=Speaker_out+ Pin=J2-5
Added Net: Name=Speaker_out+
Added Pin To Net: NetName=Speaker_out- Pin=J1-3
Added Pin To Net: NetName=Speaker_out- Pin=J2-7
Added Net: Name=Speaker_out-
Added Pin To Net: NetName=USB0_D_N Pin=J1-21
Added Pin To Net: NetName=USB0_D_N Pin=J2-17
Added Net: Name=USB0_D_N
Added Pin To Net: NetName=USB0_D_P Pin=J1-23
Added Pin To Net: NetName=USB0_D_P Pin=J2-18
Added Net: Name=USB0_D_P
Added Pin To Net: NetName=USB0_GND Pin=J1-19
Added Pin To Net: NetName=USB0_GND Pin=J1-20
Added Pin To Net: NetName=USB0_GND Pin=J1-22
Added Pin To Net: NetName=USB0_GND Pin=J2-20
Added Pin To Net: NetName=USB0_GND Pin=J2-24
Added Pin To Net: NetName=USB0_GND Pin=J2-28
Added Net: Name=USB0_GND
Added Pin To Net: NetName=USB0_VBUS Pin=J1-24
Added Pin To Net: NetName=USB0_VBUS Pin=J1-25
Added Pin To Net: NetName=USB0_VBUS Pin=J1-26
Added Pin To Net: NetName=USB0_VBUS Pin=J2-19
Added Pin To Net: NetName=USB0_VBUS Pin=J2-22
Added Pin To Net: NetName=USB0_VBUS Pin=J2-23
Added Net: Name=USB0_VBUS
Added Pin To Net: NetName=Vin Pin=C4-1
Added Pin To Net: NetName=Vin Pin=C5-1
Added Pin To Net: NetName=Vin Pin=C6-1
Added Pin To Net: NetName=Vin Pin=D2-1
Added Pin To Net: NetName=Vin Pin=FB1-2
Added Pin To Net: NetName=Vin Pin=U1-2
Added Pin To Net: NetName=Vin Pin=U1-2
Added Net: Name=Vin
Added Differential Pair: Name=ETH0_RX
Added Differential Pair: Name=ETH0_TX
Added Differential Pair: Name=USB0_D
